<?xml version="1.0" encoding="UTF-8"?>
<testng-results ignored="0" total="1" passed="1" failed="0" skipped="0">
  <reporter-output>
  </reporter-output>
  <suite started-at="2020-04-08T18:21:14 IST" name="Default suite" finished-at="2020-04-08T18:21:25 IST" duration-ms="11056">
    <groups>
    </groups>
    <test started-at="2020-04-08T18:21:14 IST" name="Default test" finished-at="2020-04-08T18:21:25 IST" duration-ms="11056">
      <class name="com.GOL.tests.GOL_newgame">
        <test-method is-config="true" signature="createReport()[pri:0, instance:com.GOL.tests.GOL_newgame@6e171cd7]" started-at="2020-04-08T18:21:13 IST" name="createReport" finished-at="2020-04-08T18:21:14 IST" duration-ms="210" status="PASS">
          <reporter-output>
          </reporter-output>
        </test-method> <!-- createReport -->
        <test-method is-config="true" signature="setup()[pri:0, instance:com.GOL.tests.GOL_newgame@6e171cd7]" started-at="2020-04-08T18:21:14 IST" name="setup" finished-at="2020-04-08T18:21:24 IST" duration-ms="10439" status="PASS">
          <reporter-output>
          </reporter-output>
        </test-method> <!-- setup -->
        <test-method signature="Game1()[pri:1, instance:com.GOL.tests.GOL_newgame@6e171cd7]" started-at="2020-04-08T18:21:24 IST" name="Game1" finished-at="2020-04-08T18:21:24 IST" duration-ms="169" status="PASS">
          <reporter-output>
          </reporter-output>
        </test-method> <!-- Game1 -->
        <test-method is-config="true" signature="closeReport()[pri:0, instance:com.GOL.tests.GOL_newgame@6e171cd7]" started-at="2020-04-08T18:21:25 IST" name="closeReport" finished-at="2020-04-08T18:21:25 IST" duration-ms="263" status="PASS">
          <reporter-output>
          </reporter-output>
        </test-method> <!-- closeReport -->
      </class> <!-- com.GOL.tests.GOL_newgame -->
    </test> <!-- Default test -->
  </suite> <!-- Default suite -->
</testng-results>
